Arguments: 
  C:\Program Files\nodejs\node.exe C:\Users\asus\AppData\Roaming\npm\node_modules\yarn\bin\yarn.js add expo-notifications@~0.18.1

PATH: 
  E:\ReactNative\droneWala\droneWala-main\node_modules\.bin;E:\ReactNative\droneWala\droneWala-main\node_modules\.bin;E:\ReactNative\droneWala\node_modules\.bin;E:\ReactNative\node_modules\.bin;E:\node_modules\.bin;C:\Program Files\nodejs\node_modules\npm\node_modules\@npmcli\run-script\lib\node-gyp-bin;C:\Users\asus\bin;C:\Program Files\Git\mingw64\bin;C:\Program Files\Git\usr\local\bin;C:\Program Files\Git\usr\bin;C:\Program Files\Git\usr\bin;C:\Program Files\Git\cmd;C:\ffmpeg\bin;C:\Program Files (x86)\Common Files\Oracle\Java\javapath;C:\Program Files (x86)\VMware\VMware Player\bin;C:\Python38\Scripts;C:\Python38;C:\Program Files (x86)\Intel\Intel(R) Management Engine Components\iCLS;C:\Program Files\Intel\Intel(R) Management Engine Components\iCLS;C:\WINDOWS\system32;C:\WINDOWS;C:\WINDOWS\System32\Wbem;C:\WINDOWS\System32\WindowsPowerShell\v1.0;C:\WINDOWS\System32\OpenSSH;C:\Program Files (x86)\Intel\Intel(R) Management Engine Components\DAL;C:\Program Files\Intel\Intel(R) Management Engine Components\DAL;C:\Program Files (x86)\Intel\Intel(R) Management Engine Components\IPT;C:\Program Files\Intel\Intel(R) Management Engine Components\IPT;C:\Program Files\Java\jdk-11.0.7\bin;C:\ProgramData\chocolatey\bin;C:\MinGW\bin;C:\Program Files\Git\cmd;C:\Program Files\Docker\Docker\resources\bin;C:\ProgramData\DockerDesktop\version-bin;C:\Program Files\php-7.1.30-nts-Win32-VC14-x64;C:\Program Files\MySQL\MySQL Shell 8.0\bin;C:\composer;C:\Program ;C:\Program Files\nodejs;C:\Program Files\MySQL\MySQL Shell 8.0\bin;C:\Users\asus\AppData\Local\Microsoft\WindowsApps;C:\Users\asus\AppData\Local\Programs\Microsoft VS Code\bin;C:\Users\asus\AppData\Local\hyper\app-3.0.2\resources\bin;C:\Program Files\heroku\bin;C:\Users\asus\AppData\Roaming\Composer\vendor\bin;C:\Users\asus\AppData\Roaming\npm;C:\Program Files\Git\usr\bin\vendor_perl;C:\Program Files\Git\usr\bin\core_perl

Yarn version: 
  1.22.17

Node version: 
  18.14.2

Platform: 
  win32 x64

Trace: 
  Error: https://registry.yarnpkg.com/@firebase/auth/-/auth-0.23.1.tgz: ESOCKETTIMEDOUT
      at ClientRequest.<anonymous> (C:\Users\asus\AppData\Roaming\npm\node_modules\yarn\lib\cli.js:141510:19)
      at Object.onceWrapper (node:events:627:28)
      at ClientRequest.emit (node:events:513:28)
      at TLSSocket.emitRequestTimeout (node:_http_client:848:9)
      at Object.onceWrapper (node:events:627:28)
      at TLSSocket.emit (node:events:525:35)
      at Socket._onTimeout (node:net:570:8)
      at listOnTimeout (node:internal/timers:569:17)
      at process.processTimers (node:internal/timers:512:7)

npm manifest: 
  {
    "name": "droneswala",
    "version": "1.0.0",
    "scripts": {
      "start": "expo start",
      "android": "expo run:android",
      "ios": "expo run:ios",
      "web": "expo start --web"
    },
    "dependencies": {
      "@expo/config-plugins": "^6.0.0",
      "@react-native-async-storage/async-storage": "^1.17.11",
      "@react-native-firebase/app": "^17.4.2",
      "@react-native-firebase/auth": "^17.4.2",
      "@react-native-firebase/messaging": "^17.4.2",
      "@react-navigation/bottom-tabs": "^6.5.7",
      "@react-navigation/drawer": "^6.6.2",
      "@react-navigation/native": "^6.1.6",
      "@react-navigation/native-stack": "^6.9.12",
      "axios": "^1.3.6",
      "expo": "~48.0.9",
      "expo-checkbox": "^2.3.1",
      "expo-dev-client": "~2.2.1",
      "expo-document-picker": "~11.2.2",
      "expo-file-system": "~15.2.2",
      "expo-firebase-recaptcha": "^2.3.1",
      "expo-image-picker": "^14.1.1",
      "expo-linking": "~4.0.1",
      "expo-permissions": "~14.1.1",
      "expo-splash-screen": "~0.18.1",
      "expo-status-bar": "~1.4.4",
      "firebase": "^9.6.11",
      "native-base": "^3.4.28",
      "react": "18.2.0",
      "react-native": "0.71.6",
      "react-native-date-picker": "^4.2.9",
      "react-native-datefield": "^0.3.6",
      "react-native-dropdown-select-list": "^2.0.4",
      "react-native-gesture-handler": "^2.9.0",
      "react-native-modal-datetime-picker": "^14.0.1",
      "react-native-modern-datepicker": "^1.0.0-beta.91",
      "react-native-openanything": "^0.0.6",
      "react-native-otp-textinput": "^1.0.0",
      "react-native-pager-view": "6.1.2",
      "react-native-phone-number-input": "^2.1.0",
      "react-native-reanimated": "~2.14.4",
      "react-native-root-toast": "^3.4.1",
      "react-native-safe-area-context": "^4.5.0",
      "react-native-screens": "^3.20.0",
      "react-native-share": "^8.2.1",
      "react-native-swiper": "^1.6.0",
      "react-native-tab-view": "^3.5.1",
      "react-native-web": "^0.18.12",
      "react-native-webview": "^11.26.0",
      "validator": "^13.9.0"
    },
    "devDependencies": {
      "@babel/core": "^7.20.0"
    },
    "private": true
  }

yarn manifest: 
  No manifest

Lockfile: 
  
